This is pdfTeX, Version 3.14159265-2.6-1.40.20 (MiKTeX 2.9.6960 64-bit) (preloaded format=pdflatex 2019.2.18)  6 JUN 2019 15:21
entering extended mode
**./thesis.tex
(thesis.tex
LaTeX2e <2018-12-01>
("C:\Program Files\MiKTeX 2.9\tex/latex/base\book.cls"
Document Class: book 2018/09/03 v1.4i Standard LaTeX document class
("C:\Program Files\MiKTeX 2.9\tex/latex/base\bk11.clo"
File: bk11.clo 2018/09/03 v1.4i Standard LaTeX file (size option)
)
\c@part=\count80
\c@chapter=\count81
\c@section=\count82
\c@subsection=\count83
\c@subsubsection=\count84
\c@paragraph=\count85
\c@subparagraph=\count86
\c@figure=\count87
\c@table=\count88
\abovecaptionskip=\skip41
\belowcaptionskip=\skip42
\bibindent=\dimen102
)
("\\fses52-003\ApplicationData$\hindesa\Application Data\MiKTeX\2.9\tex/latex/s
vn-multi\svn-multi.sty"
Package: svn-multi 2011/08/30 v2.4d SVN Keywords for multi-file LaTeX documents


("C:\Program Files\MiKTeX 2.9\tex/latex/oberdiek\kvoptions.sty"
Package: kvoptions 2016/05/16 v3.12 Key value format for package options (HO)

("C:\Program Files\MiKTeX 2.9\tex/latex/graphics\keyval.sty"
Package: keyval 2014/10/28 v1.15 key=value parser (DPC)
\KV@toks@=\toks14
)
("C:\Program Files\MiKTeX 2.9\tex/generic/oberdiek\ltxcmds.sty"
Package: ltxcmds 2016/05/16 v1.23 LaTeX kernel commands for general use (HO)
)
("C:\Program Files\MiKTeX 2.9\tex/generic/oberdiek\kvsetkeys.sty"
Package: kvsetkeys 2016/05/16 v1.17 Key value parser (HO)

("C:\Program Files\MiKTeX 2.9\tex/generic/oberdiek\infwarerr.sty"
Package: infwarerr 2016/05/16 v1.4 Providing info/warning/error messages (HO)
)
("C:\Program Files\MiKTeX 2.9\tex/generic/oberdiek\etexcmds.sty"
Package: etexcmds 2016/05/16 v1.6 Avoid name clashes with e-TeX commands (HO)

("C:\Program Files\MiKTeX 2.9\tex/generic/oberdiek\ifluatex.sty"
Package: ifluatex 2016/05/16 v1.4 Provides the ifluatex switch (HO)
Package ifluatex Info: LuaTeX not detected.
)))))
("\\fses52-003\ApplicationData$\hindesa\Application Data\MiKTeX\2.9\tex/latex/m
s\prelim2e.sty"
Package: prelim2e 2009/05/29 v1.3 prelim2e Package (MS)

("\\fses52-003\ApplicationData$\hindesa\Application Data\MiKTeX\2.9\tex/latex/m
s\everyshi.sty"
Package: everyshi 2001/05/15 v3.00 EveryShipout Package (MS)
)) ("C:\Program Files\MiKTeX 2.9\tex/latex/hyperref\hyperref.sty"
Package: hyperref 2018/11/30 v6.88e Hypertext links for LaTeX
 ("C:\Program Files\MiKTeX 2.9\tex/generic/oberdiek\hobsub-hyperref.sty"
Package: hobsub-hyperref 2016/05/16 v1.14 Bundle oberdiek, subset hyperref (HO)


("C:\Program Files\MiKTeX 2.9\tex/generic/oberdiek\hobsub-generic.sty"
Package: hobsub-generic 2016/05/16 v1.14 Bundle oberdiek, subset generic (HO)
Package: hobsub 2016/05/16 v1.14 Construct package bundles (HO)
Package hobsub Info: Skipping package `infwarerr' (already loaded).
Package hobsub Info: Skipping package `ltxcmds' (already loaded).
Package hobsub Info: Skipping package `ifluatex' (already loaded).
Package: ifvtex 2016/05/16 v1.6 Detect VTeX and its facilities (HO)
Package ifvtex Info: VTeX not detected.
Package: intcalc 2016/05/16 v1.2 Expandable calculations with integers (HO)
Package: ifpdf 2018/09/07 v3.3 Provides the ifpdf switch
Package hobsub Info: Skipping package `etexcmds' (already loaded).
Package hobsub Info: Skipping package `kvsetkeys' (already loaded).
Package: kvdefinekeys 2016/05/16 v1.4 Define keys (HO)
Package: pdftexcmds 2018/09/10 v0.29 Utility functions of pdfTeX for LuaTeX (HO
)
Package pdftexcmds Info: LuaTeX not detected.
Package pdftexcmds Info: \pdf@primitive is available.
Package pdftexcmds Info: \pdf@ifprimitive is available.
Package pdftexcmds Info: \pdfdraftmode found.
Package: pdfescape 2016/05/16 v1.14 Implements pdfTeX's escape features (HO)
Package: bigintcalc 2016/05/16 v1.4 Expandable calculations on big integers (HO
)
Package: bitset 2016/05/16 v1.2 Handle bit-vector datatype (HO)
Package: uniquecounter 2016/05/16 v1.3 Provide unlimited unique counter (HO)
)
Package hobsub Info: Skipping package `hobsub' (already loaded).
Package: letltxmacro 2016/05/16 v1.5 Let assignment for LaTeX macros (HO)
Package: hopatch 2016/05/16 v1.3 Wrapper for package hooks (HO)
Package: xcolor-patch 2016/05/16 xcolor patch
Package: atveryend 2016/05/16 v1.9 Hooks at the very end of document (HO)
Package atveryend Info: \enddocument detected (standard20110627).
Package: atbegshi 2016/06/09 v1.18 At begin shipout hook (HO)
Package: refcount 2016/05/16 v3.5 Data extraction from label references (HO)
Package: hycolor 2016/05/16 v1.8 Color options for hyperref/bookmark (HO)
)
("C:\Program Files\MiKTeX 2.9\tex/generic/ifxetex\ifxetex.sty"
Package: ifxetex 2010/09/12 v0.6 Provides ifxetex conditional
)
("C:\Program Files\MiKTeX 2.9\tex/latex/oberdiek\auxhook.sty"
Package: auxhook 2016/05/16 v1.4 Hooks for auxiliary files (HO)
)
\@linkdim=\dimen103
\Hy@linkcounter=\count89
\Hy@pagecounter=\count90

("C:\Program Files\MiKTeX 2.9\tex/latex/hyperref\pd1enc.def"
File: pd1enc.def 2018/11/30 v6.88e Hyperref: PDFDocEncoding definition (HO)
Now handling font encoding PD1 ...
... no UTF-8 mapping file for font encoding PD1
)
\Hy@SavedSpaceFactor=\count91

("C:\Program Files\MiKTeX 2.9\tex/latex/00miktex\hyperref.cfg"
File: hyperref.cfg 2002/06/06 v1.2 hyperref configuration of TeXLive
)
Package hyperref Info: Option `hyperindex' set `true' on input line 4393.
Package hyperref Info: Option `bookmarks' set `true' on input line 4393.
Package hyperref Info: Option `colorlinks' set `false' on input line 4393.


Package hyperref Warning: Invalid value `0'
(hyperref)                for option `pdfborder'.
(hyperref)                Option setting is ignored on input line 4393.

Package hyperref Info: Option `plainpages' set `false' on input line 4393.
Package hyperref Info: Option `pdfpagelabels' set `true' on input line 4393.
Package hyperref Info: Option `hyperfootnotes' set `false' on input line 4393.
Package hyperref Info: Hyper figures OFF on input line 4519.
Package hyperref Info: Link nesting OFF on input line 4524.
Package hyperref Info: Hyper index ON on input line 4527.
Package hyperref Info: Plain pages OFF on input line 4534.
Package hyperref Info: Backreferencing ON on input line 4537.
Package hyperref Info: Implicit mode ON; LaTeX internals redefined.
Package hyperref Info: Bookmarks ON on input line 4772.
("C:\Program Files\MiKTeX 2.9\tex/latex/hyperref\backref.sty"
Package: backref 2016/05/21 v1.39 Bibliographical back referencing

("C:\Program Files\MiKTeX 2.9\tex/latex/oberdiek\rerunfilecheck.sty"
Package: rerunfilecheck 2016/05/16 v1.8 Rerun checks for auxiliary files (HO)
Package uniquecounter Info: New unique counter `rerunfilecheck' on input line 2
82.
))
\c@Hy@tempcnt=\count92

("\\fses52-003\ApplicationData$\hindesa\Application Data\MiKTeX\2.9\tex/latex/u
rl\url.sty"
\Urlmuskip=\muskip10
Package: url 2013/09/16  ver 3.4  Verb mode for urls, etc.
)
LaTeX Info: Redefining \url on input line 5125.
\XeTeXLinkMargin=\dimen104
\Fld@menulength=\count93
\Field@Width=\dimen105
\Fld@charsize=\dimen106
Package hyperref Info: Hyper figures OFF on input line 6380.
Package hyperref Info: Link nesting OFF on input line 6385.
Package hyperref Info: Hyper index ON on input line 6388.
Package hyperref Info: backreferencing ON on input line 6393.
Package hyperref Info: Link coloring OFF on input line 6400.
Package hyperref Info: Link coloring with OCG OFF on input line 6405.
Package hyperref Info: PDF/A mode OFF on input line 6410.
LaTeX Info: Redefining \ref on input line 6450.
LaTeX Info: Redefining \pageref on input line 6454.
\Hy@abspage=\count94
\c@Item=\count95
)
Package hyperref Info: Driver (autodetected): hpdftex.
 ("C:\Program Files\MiKTeX 2.9\tex/latex/hyperref\hpdftex.def"
File: hpdftex.def 2018/11/30 v6.88e Hyperref driver for pdfTeX
\Fld@listcount=\count96
\c@bookmark@seq@number=\count97
\Hy@SectionHShift=\skip43
)
("C:\Program Files\MiKTeX 2.9\tex/latex/oberdiek\hypcap.sty"
Package: hypcap 2016/05/16 v1.12 Adjusting the anchors of captions (HO)
) (anuthesis.sty
Package: anuthesis 2005/04/04 v0.2 ANU Thesis Style (SB/RW)

("C:\Program Files\MiKTeX 2.9\tex/latex/base\ifthen.sty"
Package: ifthen 2014/09/29 v1.1c Standard LaTeX ifthen package (DPC)
)
("C:\Program Files\MiKTeX 2.9\tex/latex/psnfss\mathpazo.sty"
Package: mathpazo 2005/04/12 PSNFSS-v9.2a Palatino w/ Pazo Math (D.Puga, WaS) 
\symupright=\mathgroup4
)
\tqfootlen=\skip44

("\\fses52-003\ApplicationData$\hindesa\Application Data\MiKTeX\2.9\tex/latex/s
etspace\setspace.sty"
Package: setspace 2011/12/19 v6.7a set line spacing
))
("C:\Program Files\MiKTeX 2.9\tex/latex/tools\afterpage.sty"
Package: afterpage 2014/10/28 v1.08 After-Page Package (DPC)
\AP@output=\toks15
\AP@partial=\box27
\AP@footins=\box28
)
("C:\Program Files\MiKTeX 2.9\tex/latex/graphics\graphicx.sty"
Package: graphicx 2017/06/01 v1.1a Enhanced LaTeX Graphics (DPC,SPQR)

("C:\Program Files\MiKTeX 2.9\tex/latex/graphics\graphics.sty"
Package: graphics 2017/06/25 v1.2c Standard LaTeX Graphics (DPC,SPQR)

("C:\Program Files\MiKTeX 2.9\tex/latex/graphics\trig.sty"
Package: trig 2016/01/03 v1.10 sin cos tan (DPC)
)
("C:\Program Files\MiKTeX 2.9\tex/latex/graphics-cfg\graphics.cfg"
File: graphics.cfg 2016/06/04 v1.11 sample graphics configuration
)
Package graphics Info: Driver file: pdftex.def on input line 99.

("C:\Program Files\MiKTeX 2.9\tex/latex/graphics-def\pdftex.def"
File: pdftex.def 2018/01/08 v1.0l Graphics/color driver for pdftex
))
\Gin@req@height=\dimen107
\Gin@req@width=\dimen108
) (thesis.sty ("C:\Program Files\MiKTeX 2.9\tex/latex/tools\xspace.sty"
Package: xspace 2014/10/28 v1.13 Space after command names (DPC,MH)
))
("\\fses52-003\ApplicationData$\hindesa\Application Data\MiKTeX\2.9\tex/latex/n
atbib\natbib.sty"
Package: natbib 2010/09/13 8.31b (PWD, AO)
\bibhang=\skip45
\bibsep=\skip46
LaTeX Info: Redefining \cite on input line 694.
\c@NAT@ctr=\count98
)
("\\fses52-003\ApplicationData$\hindesa\Application Data\MiKTeX\2.9\tex/latex/u
lem\ulem.sty"
\UL@box=\box29
\UL@hyphenbox=\box30
\UL@skip=\skip47
\UL@hook=\toks16
\UL@height=\dimen109
\UL@pe=\count99
\UL@pixel=\dimen110
\ULC@box=\box31
Package: ulem 2012/05/18
\ULdepth=\dimen111
)
("\\fses52-003\ApplicationData$\hindesa\Application Data\MiKTeX\2.9\tex/latex/x
color\xcolor.sty"
Package: xcolor 2016/05/11 v2.12 LaTeX color extensions (UK)
 ("C:\Program Files\MiKTeX 2.9\tex/latex/graphics-cfg\color.cfg"
File: color.cfg 2016/01/02 v1.6 sample color configuration
)
Package xcolor Info: Driver file: pdftex.def on input line 225.

("\\fses52-003\ApplicationData$\hindesa\Application Data\MiKTeX\2.9\tex/latex/c
olortbl\colortbl.sty"
Package: colortbl 2018/12/12 v1.0d Color table columns (DPC)
 ("C:\Program Files\MiKTeX 2.9\tex/latex/tools\array.sty"
Package: array 2018/12/30 v2.4k Tabular extension package (FMi)
\col@sep=\dimen112
\ar@mcellbox=\box32
\extrarowheight=\dimen113
\NC@list=\toks17
\extratabsurround=\skip48
\backup@length=\skip49
\ar@cellbox=\box33
)
\everycr=\toks18
\minrowclearance=\skip50
)
\rownum=\count100
Package xcolor Info: Model `cmy' substituted by `cmy0' on input line 1348.
Package xcolor Info: Model `hsb' substituted by `rgb' on input line 1352.
Package xcolor Info: Model `RGB' extended on input line 1364.
Package xcolor Info: Model `HTML' substituted by `rgb' on input line 1366.
Package xcolor Info: Model `Hsb' substituted by `hsb' on input line 1367.
Package xcolor Info: Model `tHsb' substituted by `hsb' on input line 1368.
Package xcolor Info: Model `HSB' substituted by `hsb' on input line 1369.
Package xcolor Info: Model `Gray' substituted by `gray' on input line 1370.
Package xcolor Info: Model `wave' substituted by `hsb' on input line 1371.
) ("C:\Program Files\MiKTeX 2.9\tex/latex/base\makeidx.sty"
Package: makeidx 2014/09/29 v1.0m Standard LaTeX package
) (cleveref.sty
Package: cleveref 2007/21/11 v0.11 Automatic cross-reference formatting
Package cleveref Info: `hyperref' support loaded on input line 1315.
LaTeX Info: Redefining \cref on input line 1315.
LaTeX Info: Redefining \Cref on input line 1315.
LaTeX Info: Redefining \crefrange on input line 1315.
LaTeX Info: Redefining \Crefrange on input line 1315.
)
("\\fses52-003\ApplicationData$\hindesa\Application Data\MiKTeX\2.9\tex/latex/c
aption\caption2.sty"
Package: caption2 2015/09/15 v2.2-100 Customising captions (AR)


Package caption2 Warning: ****************************************************
(caption2)                THIS PACKAGE IS OBSOLETE:
(caption2)                This package attempts to provide an `caption2'
(caption2)                package v2.0/2.1 author environment so that OLD
(caption2)                documents can be successfully processed. It should
(caption2)                NOT be used for NEW documents! New documents should
(caption2)                use the regular `caption' package v3.x instead.
(caption2)                ****************************************************


("\\fses52-003\ApplicationData$\hindesa\Application Data\MiKTeX\2.9\tex/latex/c
aption\caption3.sty"
Package: caption3 2018/09/12 v1.8c caption3 kernel (AR)
Package caption3 Info: TeX engine: e-TeX on input line 64.
\captionmargin=\dimen114
\captionmargin@=\dimen115
\captionwidth=\dimen116
\caption@tempdima=\dimen117
\caption@indent=\dimen118
\caption@parindent=\dimen119
\caption@hangindent=\dimen120
Package caption Info: Unknown document class (or package),
(caption)             standard defaults will be used.
)
Package caption2 Info: Running in caption2 v2.0 compatibility mode on input lin
e 218.
\captionlinewidth=\dimen121
\realcaptionwidth=\dimen122
) ("C:\Program Files\MiKTeX 2.9\tex/latex/float\float.sty"
Package: float 2001/11/08 v1.3d Float enhancements (AL)
\c@float@type=\count101
\float@exts=\toks19
\float@box=\box34
\@float@everytoks=\toks20
\@floatcapt=\box35
) ("C:\Program Files\MiKTeX 2.9\tex/latex/base\fontenc.sty"
Package: fontenc 2018/08/11 v2.0j Standard LaTeX package

("C:\Program Files\MiKTeX 2.9\tex/latex/base\t1enc.def"
File: t1enc.def 2018/08/11 v2.0j Standard LaTeX file
LaTeX Font Info:    Redeclaring font encoding T1 on input line 48.
))
("\\fses52-003\ApplicationData$\hindesa\Application Data\MiKTeX\2.9\tex/latex/b
era\beramono.sty"
Package: beramono 2004/01/31 (WaS)
) ("C:\Program Files\MiKTeX 2.9\tex/latex/multirow\multirow.sty"
Package: multirow 2019/01/01 v2.4 Span multiple rows of a table
\multirow@colwidth=\skip51
\multirow@cntb=\count102
\multirow@dima=\skip52
\bigstrutjot=\dimen123
) (macros.tex
("\\fses52-003\ApplicationData$\hindesa\Application Data\MiKTeX\2.9\tex/latex/b
ooktabs\booktabs.sty"
Package: booktabs 2005/04/14 v1.61803 publication quality tables
\heavyrulewidth=\dimen124
\lightrulewidth=\dimen125
\cmidrulewidth=\dimen126
\belowrulesep=\dimen127
\belowbottomsep=\dimen128
\aboverulesep=\dimen129
\abovetopsep=\dimen130
\cmidrulesep=\dimen131
\cmidrulekern=\dimen132
\defaultaddspace=\dimen133
\@cmidla=\count103
\@cmidlb=\count104
\@aboverulesep=\dimen134
\@belowrulesep=\dimen135
\@thisruleclass=\count105
\@lastruleclass=\count106
\@thisrulewidth=\dimen136
)
("\\fses52-003\ApplicationData$\hindesa\Application Data\MiKTeX\2.9\tex/latex/r
elsize\relsize.sty"
Package: relsize 2013/03/29 ver 4.1
)
("\\fses52-003\ApplicationData$\hindesa\Application Data\MiKTeX\2.9\tex/latex/s
ubfigure\subfigure.sty"
Package: subfigure 2002/07/30 v2.1.4 subfigure package
\subfigtopskip=\skip53
\subfigcapskip=\skip54
\subfigcaptopadj=\dimen137
\subfigbottomskip=\skip55
\subfigcapmargin=\dimen138
\subfiglabelskip=\skip56
\c@subfigure=\count107
\c@lofdepth=\count108
\c@subtable=\count109
\c@lotdepth=\count110

****************************************
* Local config file subfigure.cfg used *
****************************************

("\\fses52-003\ApplicationData$\hindesa\Application Data\MiKTeX\2.9\tex/latex/s
ubfigure\subfigure.cfg")
\subfig@top=\skip57
\subfig@bottom=\skip58
)
("\\fses52-003\ApplicationData$\hindesa\Application Data\MiKTeX\2.9\tex/latex/l
istings\listings.sty"
\lst@mode=\count111
\lst@gtempboxa=\box36
\lst@token=\toks21
\lst@length=\count112
\lst@currlwidth=\dimen139
\lst@column=\count113
\lst@pos=\count114
\lst@lostspace=\dimen140
\lst@width=\dimen141
\lst@newlines=\count115
\lst@lineno=\count116
\lst@maxwidth=\dimen142

("\\fses52-003\ApplicationData$\hindesa\Application Data\MiKTeX\2.9\tex/latex/l
istings\lstmisc.sty"
File: lstmisc.sty 2019/02/27 1.8b (Carsten Heinz)
\c@lstnumber=\count117
\lst@skipnumbers=\count118
\lst@framebox=\box37
)
("\\fses52-003\ApplicationData$\hindesa\Application Data\MiKTeX\2.9\tex/latex/l
istings\listings.cfg"
File: listings.cfg 2019/02/27 1.8b listings configuration
))
Package: listings 2019/02/27 1.8b (Carsten Heinz)

("\\fses52-003\ApplicationData$\hindesa\Application Data\MiKTeX\2.9\tex/latex/l
istings\lstlang1.sty"
File: lstlang1.sty 2019/02/27 1.8b listings language file
)
("\\fses52-003\ApplicationData$\hindesa\Application Data\MiKTeX\2.9\tex/latex/t
odonotes\todonotes.sty"
Package: todonotes 2019/01/24 v1.1.2 Todonotes source and documentation.
Package: todonotes 2018/11/22

("C:\Program Files\MiKTeX 2.9\tex/latex/xkeyval\xkeyval.sty"
Package: xkeyval 2014/12/03 v2.7a package option processing (HA)

("C:\Program Files\MiKTeX 2.9\tex/generic/xkeyval\xkeyval.tex"
("C:\Program Files\MiKTeX 2.9\tex/generic/xkeyval\xkvutils.tex"
\XKV@toks=\toks22
\XKV@tempa@toks=\toks23
)
\XKV@depth=\count119
File: xkeyval.tex 2014/12/03 v2.7a key=value parser (HA)
))
("\\fses52-003\ApplicationData$\hindesa\Application Data\MiKTeX\2.9\tex/latex/p
gf/frontendlayer\tikz.sty"
("\\fses52-003\ApplicationData$\hindesa\Application Data\MiKTeX\2.9\tex/latex/p
gf/basiclayer\pgf.sty"
("\\fses52-003\ApplicationData$\hindesa\Application Data\MiKTeX\2.9\tex/latex/p
gf/utilities\pgfrcs.sty"
("\\fses52-003\ApplicationData$\hindesa\Application Data\MiKTeX\2.9\tex/generic
/pgf/utilities\pgfutil-common.tex"
\pgfutil@everybye=\toks24
\pgfutil@tempdima=\dimen143
\pgfutil@tempdimb=\dimen144

("\\fses52-003\ApplicationData$\hindesa\Application Data\MiKTeX\2.9\tex/generic
/pgf/utilities\pgfutil-common-lists.tex"))
("\\fses52-003\ApplicationData$\hindesa\Application Data\MiKTeX\2.9\tex/generic
/pgf/utilities\pgfutil-latex.def"
\pgfutil@abb=\box38
)
("\\fses52-003\ApplicationData$\hindesa\Application Data\MiKTeX\2.9\tex/generic
/pgf/utilities\pgfrcs.code.tex"
("\\fses52-003\ApplicationData$\hindesa\Application Data\MiKTeX\2.9\tex/generic
/pgf\pgf.revision.tex")
Package: pgfrcs 2019/05/09 v3.1.3 (3.1.3)
))
Package: pgf 2019/05/09 v3.1.3 (3.1.3)

("\\fses52-003\ApplicationData$\hindesa\Application Data\MiKTeX\2.9\tex/latex/p
gf/basiclayer\pgfcore.sty"
("\\fses52-003\ApplicationData$\hindesa\Application Data\MiKTeX\2.9\tex/latex/p
gf/systemlayer\pgfsys.sty"
("\\fses52-003\ApplicationData$\hindesa\Application Data\MiKTeX\2.9\tex/generic
/pgf/systemlayer\pgfsys.code.tex"
Package: pgfsys 2019/05/09 v3.1.3 (3.1.3)

("\\fses52-003\ApplicationData$\hindesa\Application Data\MiKTeX\2.9\tex/generic
/pgf/utilities\pgfkeys.code.tex"
\pgfkeys@pathtoks=\toks25
\pgfkeys@temptoks=\toks26

("\\fses52-003\ApplicationData$\hindesa\Application Data\MiKTeX\2.9\tex/generic
/pgf/utilities\pgfkeysfiltered.code.tex"
\pgfkeys@tmptoks=\toks27
))
\pgf@x=\dimen145
\pgf@y=\dimen146
\pgf@xa=\dimen147
\pgf@ya=\dimen148
\pgf@xb=\dimen149
\pgf@yb=\dimen150
\pgf@xc=\dimen151
\pgf@yc=\dimen152
\pgf@xd=\dimen153
\pgf@yd=\dimen154
\w@pgf@writea=\write3
\r@pgf@reada=\read1
\c@pgf@counta=\count120
\c@pgf@countb=\count121
\c@pgf@countc=\count122
\c@pgf@countd=\count123
\t@pgf@toka=\toks28
\t@pgf@tokb=\toks29
\t@pgf@tokc=\toks30
\pgf@sys@id@count=\count124

("\\fses52-003\ApplicationData$\hindesa\Application Data\MiKTeX\2.9\tex/generic
/pgf/systemlayer\pgf.cfg"
File: pgf.cfg 2019/05/09 v3.1.3 (3.1.3)
)
Driver file for pgf: pgfsys-pdftex.def

("\\fses52-003\ApplicationData$\hindesa\Application Data\MiKTeX\2.9\tex/generic
/pgf/systemlayer\pgfsys-pdftex.def"
File: pgfsys-pdftex.def 2019/05/09 v3.1.3 (3.1.3)

("\\fses52-003\ApplicationData$\hindesa\Application Data\MiKTeX\2.9\tex/generic
/pgf/systemlayer\pgfsys-common-pdf.def"
File: pgfsys-common-pdf.def 2019/05/09 v3.1.3 (3.1.3)
)))
("\\fses52-003\ApplicationData$\hindesa\Application Data\MiKTeX\2.9\tex/generic
/pgf/systemlayer\pgfsyssoftpath.code.tex"
File: pgfsyssoftpath.code.tex 2019/05/09 v3.1.3 (3.1.3)
\pgfsyssoftpath@smallbuffer@items=\count125
\pgfsyssoftpath@bigbuffer@items=\count126
)
("\\fses52-003\ApplicationData$\hindesa\Application Data\MiKTeX\2.9\tex/generic
/pgf/systemlayer\pgfsysprotocol.code.tex"
File: pgfsysprotocol.code.tex 2019/05/09 v3.1.3 (3.1.3)
))
("\\fses52-003\ApplicationData$\hindesa\Application Data\MiKTeX\2.9\tex/generic
/pgf/basiclayer\pgfcore.code.tex"
Package: pgfcore 2019/05/09 v3.1.3 (3.1.3)

("\\fses52-003\ApplicationData$\hindesa\Application Data\MiKTeX\2.9\tex/generic
/pgf/math\pgfmath.code.tex"
("\\fses52-003\ApplicationData$\hindesa\Application Data\MiKTeX\2.9\tex/generic
/pgf/math\pgfmathcalc.code.tex"
("\\fses52-003\ApplicationData$\hindesa\Application Data\MiKTeX\2.9\tex/generic
/pgf/math\pgfmathutil.code.tex")
("\\fses52-003\ApplicationData$\hindesa\Application Data\MiKTeX\2.9\tex/generic
/pgf/math\pgfmathparser.code.tex"
\pgfmath@dimen=\dimen155
\pgfmath@count=\count127
\pgfmath@box=\box39
\pgfmath@toks=\toks31
\pgfmath@stack@operand=\toks32
\pgfmath@stack@operation=\toks33
)
("\\fses52-003\ApplicationData$\hindesa\Application Data\MiKTeX\2.9\tex/generic
/pgf/math\pgfmathfunctions.code.tex"
("\\fses52-003\ApplicationData$\hindesa\Application Data\MiKTeX\2.9\tex/generic
/pgf/math\pgfmathfunctions.basic.code.tex")
("\\fses52-003\ApplicationData$\hindesa\Application Data\MiKTeX\2.9\tex/generic
/pgf/math\pgfmathfunctions.trigonometric.code.tex")
("\\fses52-003\ApplicationData$\hindesa\Application Data\MiKTeX\2.9\tex/generic
/pgf/math\pgfmathfunctions.random.code.tex")
("\\fses52-003\ApplicationData$\hindesa\Application Data\MiKTeX\2.9\tex/generic
/pgf/math\pgfmathfunctions.comparison.code.tex")
("\\fses52-003\ApplicationData$\hindesa\Application Data\MiKTeX\2.9\tex/generic
/pgf/math\pgfmathfunctions.base.code.tex")
("\\fses52-003\ApplicationData$\hindesa\Application Data\MiKTeX\2.9\tex/generic
/pgf/math\pgfmathfunctions.round.code.tex")
("\\fses52-003\ApplicationData$\hindesa\Application Data\MiKTeX\2.9\tex/generic
/pgf/math\pgfmathfunctions.misc.code.tex")
("\\fses52-003\ApplicationData$\hindesa\Application Data\MiKTeX\2.9\tex/generic
/pgf/math\pgfmathfunctions.integerarithmetics.code.tex")))
("\\fses52-003\ApplicationData$\hindesa\Application Data\MiKTeX\2.9\tex/generic
/pgf/math\pgfmathfloat.code.tex"
\c@pgfmathroundto@lastzeros=\count128
))
("\\fses52-003\ApplicationData$\hindesa\Application Data\MiKTeX\2.9\tex/generic
/pgf/math\pgfint.code.tex")
("\\fses52-003\ApplicationData$\hindesa\Application Data\MiKTeX\2.9\tex/generic
/pgf/basiclayer\pgfcorepoints.code.tex"
File: pgfcorepoints.code.tex 2019/05/09 v3.1.3 (3.1.3)
\pgf@picminx=\dimen156
\pgf@picmaxx=\dimen157
\pgf@picminy=\dimen158
\pgf@picmaxy=\dimen159
\pgf@pathminx=\dimen160
\pgf@pathmaxx=\dimen161
\pgf@pathminy=\dimen162
\pgf@pathmaxy=\dimen163
\pgf@xx=\dimen164
\pgf@xy=\dimen165
\pgf@yx=\dimen166
\pgf@yy=\dimen167
\pgf@zx=\dimen168
\pgf@zy=\dimen169
)
("\\fses52-003\ApplicationData$\hindesa\Application Data\MiKTeX\2.9\tex/generic
/pgf/basiclayer\pgfcorepathconstruct.code.tex"
File: pgfcorepathconstruct.code.tex 2019/05/09 v3.1.3 (3.1.3)
\pgf@path@lastx=\dimen170
\pgf@path@lasty=\dimen171
)
("\\fses52-003\ApplicationData$\hindesa\Application Data\MiKTeX\2.9\tex/generic
/pgf/basiclayer\pgfcorepathusage.code.tex"
File: pgfcorepathusage.code.tex 2019/05/09 v3.1.3 (3.1.3)
\pgf@shorten@end@additional=\dimen172
\pgf@shorten@start@additional=\dimen173
)
("\\fses52-003\ApplicationData$\hindesa\Application Data\MiKTeX\2.9\tex/generic
/pgf/basiclayer\pgfcorescopes.code.tex"
File: pgfcorescopes.code.tex 2019/05/09 v3.1.3 (3.1.3)
\pgfpic=\box40
\pgf@hbox=\box41
\pgf@layerbox@main=\box42
\pgf@picture@serial@count=\count129
)
("\\fses52-003\ApplicationData$\hindesa\Application Data\MiKTeX\2.9\tex/generic
/pgf/basiclayer\pgfcoregraphicstate.code.tex"
File: pgfcoregraphicstate.code.tex 2019/05/09 v3.1.3 (3.1.3)
\pgflinewidth=\dimen174
)
("\\fses52-003\ApplicationData$\hindesa\Application Data\MiKTeX\2.9\tex/generic
/pgf/basiclayer\pgfcoretransformations.code.tex"
File: pgfcoretransformations.code.tex 2019/05/09 v3.1.3 (3.1.3)
\pgf@pt@x=\dimen175
\pgf@pt@y=\dimen176
\pgf@pt@temp=\dimen177
)
("\\fses52-003\ApplicationData$\hindesa\Application Data\MiKTeX\2.9\tex/generic
/pgf/basiclayer\pgfcorequick.code.tex"
File: pgfcorequick.code.tex 2019/05/09 v3.1.3 (3.1.3)
)
("\\fses52-003\ApplicationData$\hindesa\Application Data\MiKTeX\2.9\tex/generic
/pgf/basiclayer\pgfcoreobjects.code.tex"
File: pgfcoreobjects.code.tex 2019/05/09 v3.1.3 (3.1.3)
)
("\\fses52-003\ApplicationData$\hindesa\Application Data\MiKTeX\2.9\tex/generic
/pgf/basiclayer\pgfcorepathprocessing.code.tex"
File: pgfcorepathprocessing.code.tex 2019/05/09 v3.1.3 (3.1.3)
)
("\\fses52-003\ApplicationData$\hindesa\Application Data\MiKTeX\2.9\tex/generic
/pgf/basiclayer\pgfcorearrows.code.tex"
File: pgfcorearrows.code.tex 2019/05/09 v3.1.3 (3.1.3)
\pgfarrowsep=\dimen178
)
("\\fses52-003\ApplicationData$\hindesa\Application Data\MiKTeX\2.9\tex/generic
/pgf/basiclayer\pgfcoreshade.code.tex"
File: pgfcoreshade.code.tex 2019/05/09 v3.1.3 (3.1.3)
\pgf@max=\dimen179
\pgf@sys@shading@range@num=\count130
\pgf@shadingcount=\count131
)
("\\fses52-003\ApplicationData$\hindesa\Application Data\MiKTeX\2.9\tex/generic
/pgf/basiclayer\pgfcoreimage.code.tex"
File: pgfcoreimage.code.tex 2019/05/09 v3.1.3 (3.1.3)

("\\fses52-003\ApplicationData$\hindesa\Application Data\MiKTeX\2.9\tex/generic
/pgf/basiclayer\pgfcoreexternal.code.tex"
File: pgfcoreexternal.code.tex 2019/05/09 v3.1.3 (3.1.3)
\pgfexternal@startupbox=\box43
))
("\\fses52-003\ApplicationData$\hindesa\Application Data\MiKTeX\2.9\tex/generic
/pgf/basiclayer\pgfcorelayers.code.tex"
File: pgfcorelayers.code.tex 2019/05/09 v3.1.3 (3.1.3)
)
("\\fses52-003\ApplicationData$\hindesa\Application Data\MiKTeX\2.9\tex/generic
/pgf/basiclayer\pgfcoretransparency.code.tex"
File: pgfcoretransparency.code.tex 2019/05/09 v3.1.3 (3.1.3)
)
("\\fses52-003\ApplicationData$\hindesa\Application Data\MiKTeX\2.9\tex/generic
/pgf/basiclayer\pgfcorepatterns.code.tex"
File: pgfcorepatterns.code.tex 2019/05/09 v3.1.3 (3.1.3)
)
("\\fses52-003\ApplicationData$\hindesa\Application Data\MiKTeX\2.9\tex/generic
/pgf/basiclayer\pgfcorerdf.code.tex"
File: pgfcorerdf.code.tex 2019/05/09 v3.1.3 (3.1.3)
)))
("\\fses52-003\ApplicationData$\hindesa\Application Data\MiKTeX\2.9\tex/generic
/pgf/modules\pgfmoduleshapes.code.tex"
File: pgfmoduleshapes.code.tex 2019/05/09 v3.1.3 (3.1.3)
\pgfnodeparttextbox=\box44
)
("\\fses52-003\ApplicationData$\hindesa\Application Data\MiKTeX\2.9\tex/generic
/pgf/modules\pgfmoduleplot.code.tex"
File: pgfmoduleplot.code.tex 2019/05/09 v3.1.3 (3.1.3)
)
("\\fses52-003\ApplicationData$\hindesa\Application Data\MiKTeX\2.9\tex/latex/p
gf/compatibility\pgfcomp-version-0-65.sty"
Package: pgfcomp-version-0-65 2019/05/09 v3.1.3 (3.1.3)
\pgf@nodesepstart=\dimen180
\pgf@nodesepend=\dimen181
)
("\\fses52-003\ApplicationData$\hindesa\Application Data\MiKTeX\2.9\tex/latex/p
gf/compatibility\pgfcomp-version-1-18.sty"
Package: pgfcomp-version-1-18 2019/05/09 v3.1.3 (3.1.3)
))
("\\fses52-003\ApplicationData$\hindesa\Application Data\MiKTeX\2.9\tex/latex/p
gf/utilities\pgffor.sty"
("\\fses52-003\ApplicationData$\hindesa\Application Data\MiKTeX\2.9\tex/latex/p
gf/utilities\pgfkeys.sty"
("\\fses52-003\ApplicationData$\hindesa\Application Data\MiKTeX\2.9\tex/generic
/pgf/utilities\pgfkeys.code.tex"))
("\\fses52-003\ApplicationData$\hindesa\Application Data\MiKTeX\2.9\tex/latex/p
gf/math\pgfmath.sty"
("\\fses52-003\ApplicationData$\hindesa\Application Data\MiKTeX\2.9\tex/generic
/pgf/math\pgfmath.code.tex"))
("\\fses52-003\ApplicationData$\hindesa\Application Data\MiKTeX\2.9\tex/generic
/pgf/utilities\pgffor.code.tex"
Package: pgffor 2019/05/09 v3.1.3 (3.1.3)

("\\fses52-003\ApplicationData$\hindesa\Application Data\MiKTeX\2.9\tex/generic
/pgf/math\pgfmath.code.tex")
\pgffor@iter=\dimen182
\pgffor@skip=\dimen183
\pgffor@stack=\toks34
\pgffor@toks=\toks35
))
("\\fses52-003\ApplicationData$\hindesa\Application Data\MiKTeX\2.9\tex/generic
/pgf/frontendlayer/tikz\tikz.code.tex"
Package: tikz 2019/05/09 v3.1.3 (3.1.3)

("\\fses52-003\ApplicationData$\hindesa\Application Data\MiKTeX\2.9\tex/generic
/pgf/libraries\pgflibraryplothandlers.code.tex"
File: pgflibraryplothandlers.code.tex 2019/05/09 v3.1.3 (3.1.3)
\pgf@plot@mark@count=\count132
\pgfplotmarksize=\dimen184
)
\tikz@lastx=\dimen185
\tikz@lasty=\dimen186
\tikz@lastxsaved=\dimen187
\tikz@lastysaved=\dimen188
\tikzleveldistance=\dimen189
\tikzsiblingdistance=\dimen190
\tikz@figbox=\box45
\tikz@figbox@bg=\box46
\tikz@tempbox=\box47
\tikz@tempbox@bg=\box48
\tikztreelevel=\count133
\tikznumberofchildren=\count134
\tikznumberofcurrentchild=\count135
\tikz@fig@count=\count136

("\\fses52-003\ApplicationData$\hindesa\Application Data\MiKTeX\2.9\tex/generic
/pgf/modules\pgfmodulematrix.code.tex"
File: pgfmodulematrix.code.tex 2019/05/09 v3.1.3 (3.1.3)
\pgfmatrixcurrentrow=\count137
\pgfmatrixcurrentcolumn=\count138
\pgf@matrix@numberofcolumns=\count139
)
\tikz@expandcount=\count140

("\\fses52-003\ApplicationData$\hindesa\Application Data\MiKTeX\2.9\tex/generic
/pgf/frontendlayer/tikz/libraries\tikzlibrarytopaths.code.tex"
File: tikzlibrarytopaths.code.tex 2019/05/09 v3.1.3 (3.1.3)
)))
("\\fses52-003\ApplicationData$\hindesa\Application Data\MiKTeX\2.9\tex/generic
/pgf/frontendlayer/tikz/libraries\tikzlibrarypositioning.code.tex"
File: tikzlibrarypositioning.code.tex 2019/05/09 v3.1.3 (3.1.3)
)
("\\fses52-003\ApplicationData$\hindesa\Application Data\MiKTeX\2.9\tex/generic
/pgf/frontendlayer/tikz/libraries\tikzlibraryshadows.code.tex"
File: tikzlibraryshadows.code.tex 2019/05/09 v3.1.3 (3.1.3)

("\\fses52-003\ApplicationData$\hindesa\Application Data\MiKTeX\2.9\tex/generic
/pgf/frontendlayer/tikz/libraries\tikzlibraryfadings.code.tex"
File: tikzlibraryfadings.code.tex 2019/05/09 v3.1.3 (3.1.3)

("\\fses52-003\ApplicationData$\hindesa\Application Data\MiKTeX\2.9\tex/generic
/pgf/libraries\pgflibraryfadings.code.tex"
File: pgflibraryfadings.code.tex 2019/05/09 v3.1.3 (3.1.3)
)))
("C:\Program Files\MiKTeX 2.9\tex/latex/tools\calc.sty"
Package: calc 2017/05/25 v4.3 Infix arithmetic (KKT,FJ)
\calc@Acount=\count141
\calc@Bcount=\count142
\calc@Adimen=\dimen191
\calc@Bdimen=\dimen192
\calc@Askip=\skip59
\calc@Bskip=\skip60
LaTeX Info: Redefining \setlength on input line 80.
LaTeX Info: Redefining \addtolength on input line 81.
\calc@Ccount=\count143
\calc@Cskip=\skip61
)
\c@@todonotes@numberoftodonotes=\count144
))
\@indexfile=\write4
\openout4 = `thesis.idx'.


Writing index file thesis.idx
(thesis.aux)
\openout1 = `thesis.aux'.

LaTeX Font Info:    Checking defaults for OML/cmm/m/it on input line 63.
LaTeX Font Info:    ... okay on input line 63.
LaTeX Font Info:    Checking defaults for T1/cmr/m/n on input line 63.
LaTeX Font Info:    ... okay on input line 63.
LaTeX Font Info:    Checking defaults for OT1/cmr/m/n on input line 63.
LaTeX Font Info:    ... okay on input line 63.
LaTeX Font Info:    Checking defaults for OMS/cmsy/m/n on input line 63.
LaTeX Font Info:    ... okay on input line 63.
LaTeX Font Info:    Checking defaults for OMX/cmex/m/n on input line 63.
LaTeX Font Info:    ... okay on input line 63.
LaTeX Font Info:    Checking defaults for U/cmr/m/n on input line 63.
LaTeX Font Info:    ... okay on input line 63.
LaTeX Font Info:    Checking defaults for PD1/pdf/m/n on input line 63.
LaTeX Font Info:    ... okay on input line 63.
LaTeX Font Info:    Try loading font information for T1+pplx on input line 63.
 ("C:\Program Files\MiKTeX 2.9\tex/latex/psnfss\t1pplx.fd"
File: t1pplx.fd 2004/09/06 font definitions for T1/pplx.
)
ABD: EveryShipout initializing macros
\AtBeginShipoutBox=\box49
Package backref Info: ** backref set up for natbib ** on input line 63.
Package hyperref Info: Link coloring OFF on input line 63.

("C:\Program Files\MiKTeX 2.9\tex/latex/hyperref\nameref.sty"
Package: nameref 2016/05/21 v2.44 Cross-referencing by name of section

("C:\Program Files\MiKTeX 2.9\tex/generic/oberdiek\gettitlestring.sty"
Package: gettitlestring 2016/05/16 v1.5 Cleanup title references (HO)
)
\c@section@level=\count145
)
LaTeX Info: Redefining \ref on input line 63.
LaTeX Info: Redefining \pageref on input line 63.
LaTeX Info: Redefining \nameref on input line 63.

(thesis.out) (thesis.out)
\@outlinefile=\write5
\openout5 = `thesis.out'.

\big@size=\dimen193

("\\fses52-003\ApplicationData$\hindesa\Application Data\MiKTeX\2.9\tex/context
/base\supp-pdf.mkii"
[Loading MPS to PDF converter (version 2006.09.02).]
\scratchcounter=\count146
\scratchdimen=\dimen194
\scratchbox=\box50
\nofMPsegments=\count147
\nofMParguments=\count148
\everyMPshowfont=\toks36
\MPscratchCnt=\count149
\MPscratchDim=\dimen195
\MPnumerator=\count150
\makeMPintoPDFobject=\count151
\everyMPtoPDFconversion=\toks37
) ("C:\Program Files\MiKTeX 2.9\tex/latex/oberdiek\epstopdf-base.sty"
Package: epstopdf-base 2016/05/15 v2.6 Base part for package epstopdf

("C:\Program Files\MiKTeX 2.9\tex/latex/oberdiek\grfext.sty"
Package: grfext 2016/05/16 v1.2 Manage graphics extensions (HO)
)
Package epstopdf-base Info: Redefining graphics rule for `.eps' on input line 4
38.
Package grfext Info: Graphics extension search list:
(grfext)             [.pdf,.png,.jpg,.mps,.jpeg,.jbig2,.jb2,.PDF,.PNG,.JPG,.JPE
G,.JBIG2,.JB2,.eps]
(grfext)             \AppendGraphicsExtensions on input line 456.
)
Package caption Info: Begin \AtBeginDocument code.
Package caption Info: End \AtBeginDocument code.
\c@lstlisting=\count152
 (titlepage.tex
LaTeX Font Info:    Font shape `T1/pplx/bx/n' in size <24.88> not available
(Font)              Font shape `T1/pplx/b/n' tried instead on input line 9.
LaTeX Font Info:    Font shape `T1/pplx/bx/n' in size <20.74> not available
(Font)              Font shape `T1/pplx/b/n' tried instead on input line 11.

[1


{C:/Users/hindesa/AppData/Local/MiKTeX/2.9/pdftex/config/pdftex.map}])
(frontmatter.tex
LaTeX Font Info:    Try loading font information for OMS+pplx on input line 4.
LaTeX Font Info:    No file OMSpplx.fd. on input line 4.


LaTeX Font Warning: Font shape `OMS/pplx/m/n' undefined
(Font)              using `OMS/cmsy/m/n' instead on input line 4.

[2]) [3] [4

] (dedication.tex) [5] [6

] (ack.tex)
LaTeX Font Info:    Font shape `T1/pplx/bx/n' in size <10.95> not available
(Font)              Font shape `T1/pplx/b/n' tried instead on input line 89.
LaTeX Font Info:    Try loading font information for T1+pplj on input line 89.

("C:\Program Files\MiKTeX 2.9\tex/latex/psnfss\t1pplj.fd"
File: t1pplj.fd 2004/09/06 font definitions for T1/pplj.
)
LaTeX Font Info:    Font shape `T1/pplj/bx/n' in size <10.95> not available
(Font)              Font shape `T1/pplj/b/n' tried instead on input line 89.
LaTeX Font Info:    Font shape `T1/pplx/bx/n' in size <10> not available
(Font)              Font shape `T1/pplx/b/n' tried instead on input line 89.
 [7

] [8

]
(abstract.tex) [9

]
LaTeX Font Info:    Font shape `T1/pplx/m/sl' in size <10.95> not available
(Font)              Font shape `T1/pplx/m/it' tried instead on input line 95.
 [10

] (thesis.toc
LaTeX Font Info:    Try loading font information for OT1+pplx on input line 4.

("C:\Program Files\MiKTeX 2.9\tex/latex/psnfss\ot1pplx.fd"
File: ot1pplx.fd 2004/09/06 font definitions for OT1/pplx.
)
LaTeX Font Info:    Try loading font information for OML+zplm on input line 4.

("C:\Program Files\MiKTeX 2.9\tex/latex/psnfss\omlzplm.fd"
File: omlzplm.fd 2002/09/08 Fontinst v1.914 font definitions for OML/zplm.
)
LaTeX Font Info:    Try loading font information for OMS+zplm on input line 4.

("C:\Program Files\MiKTeX 2.9\tex/latex/psnfss\omszplm.fd"
File: omszplm.fd 2002/09/08 Fontinst v1.914 font definitions for OMS/zplm.
)
LaTeX Font Info:    Try loading font information for OMX+zplm on input line 4.

("C:\Program Files\MiKTeX 2.9\tex/latex/psnfss\omxzplm.fd"
File: omxzplm.fd 2002/09/08 Fontinst v1.914 font definitions for OMX/zplm.
)
LaTeX Font Info:    Try loading font information for OT1+zplm on input line 4.

("C:\Program Files\MiKTeX 2.9\tex/latex/psnfss\ot1zplm.fd"
File: ot1zplm.fd 2002/09/08 Fontinst v1.914 font definitions for OT1/zplm.
))
\tf@toc=\write6
\openout6 = `thesis.toc'.

 [11

] [12

]
(thesis.lof)
\tf@lof=\write7
\openout7 = `thesis.lof'.

 [13] [14

] (thesis.lot)
\tf@lot=\write8
\openout8 = `thesis.lot'.

 [15] [16

] (intro.tex
Chapter 1.
LaTeX Font Info:    Font shape `T1/pplx/bx/n' in size <12> not available
(Font)              Font shape `T1/pplx/b/n' tried instead on input line 1.
LaTeX Font Info:    Font shape `T1/pplj/bx/n' in size <12> not available
(Font)              Font shape `T1/pplj/b/n' tried instead on input line 1.
LaTeX Font Info:    Font shape `T1/pplx/bx/n' in size <14.4> not available
(Font)              Font shape `T1/pplx/b/n' tried instead on input line 5.
LaTeX Font Info:    Font shape `T1/pplj/bx/n' in size <14.4> not available
(Font)              Font shape `T1/pplj/b/n' tried instead on input line 5.
Package hyperref Info: bookmark level for unknown todo defaults to 0 on input l
ine 14.
) (background.tex [1

] [2

]
Chapter 2.

Underfull \hbox (badness 10000) in paragraph at lines 3--6

 []


Underfull \hbox (badness 10000) in paragraph at lines 8--9

 []


Underfull \hbox (badness 10000) in paragraph at lines 11--12

 []


Package natbib Warning: Citation `LH:83' on page 3 undefined on input line 21.


Package natbib Warning: Citation `Moon:84' on page 3 undefined on input line 21
.


Package natbib Warning: Citation `Ungar:84' on page 3 undefined on input line 2
1.

) (design.tex [3] [4

]
Chapter 3.
) (methodology.tex [5] [6

]
Chapter 4.
(table/machines.tex
LaTeX Font Info:    Try loading font information for T1+uop on input line 4.
LaTeX Font Info:    No file T1uop.fd. on input line 4.


LaTeX Font Warning: Font shape `T1/uop/m/n' undefined
(Font)              using `T1/cmr/m/n' instead on input line 4.


LaTeX Font Warning: Font shape `T1/uop/bx/n' undefined
(Font)              using `T1/uop/m/n' instead on input line 9.

)
Package hyperref Info: bookmark level for unknown lstlisting defaults to 0 on i
nput line 27.
LaTeX Font Info:    Try loading font information for T1+fvm on input line 27.

("\\fses52-003\ApplicationData$\hindesa\Application Data\MiKTeX\2.9\tex/latex/b
era\t1fvm.fd"
File: t1fvm.fd 2004/09/07 scalable font definitions for T1/fvm.
)
LaTeX Font Info:    Font shape `T1/fvm/m/n' will be
(Font)              scaled to size 8.09995pt on input line 27.
 (code/hello.c
LaTeX Font Info:    Font shape `T1/fvm/bx/n' in size <9> not available
(Font)              Font shape `T1/fvm/b/n' tried instead on input line 1.
LaTeX Font Info:    Font shape `T1/fvm/b/n' will be
(Font)              scaled to size 8.09995pt on input line 1.
) (code/hello.java)
Overfull \hbox (3.18645pt too wide) in paragraph at lines 27--32
 [][] 
 []


Overfull \hbox (3.18645pt too wide) in paragraph at lines 27--32
 [][] 
 []

) (results.tex [7pdfTeX warning (ext4): destination with the same identifier (n
ame{table.4.1}) has been already used, duplicate ignored

\@EveryShipout@Output ...@Org@Shipout \box \@cclv 
                                                  
l.1 \chapter
            {Results}] [8pdfTeX warning (ext4): destination with the same ident
ifier (name{figure.4.1}) has been already used, duplicate ignored

\@EveryShipout@Output ...@Org@Shipout \box \@cclv 
                                                  
l.1 \chapter
            {Results}]
Chapter 5.
<figs/zerocost_intel.pdf, id=282, 361.35pt x 216.81pt>
File: figs/zerocost_intel.pdf Graphic file (type pdf)
<use figs/zerocost_intel.pdf>
Package pdftex.def Info: figs/zerocost_intel.pdf  used on input line 15.
(pdftex.def)             Requested size: 411.42686pt x 246.85829pt.
<figs/zerobus_core.pdf, id=283, 361.35pt x 216.81pt>
File: figs/zerobus_core.pdf Graphic file (type pdf)
<use figs/zerobus_core.pdf>
Package pdftex.def Info: figs/zerobus_core.pdf  used on input line 16.
(pdftex.def)             Requested size: 411.42686pt x 246.85829pt.
) (conclusion.tex [9

] [10pdfTeX warning (ext4): destination with the same identifier (name{figure.5
.1}) has been already used, duplicate ignored

\@EveryShipout@Output ...@Org@Shipout \box \@cclv 
                                                  
l.1 \chapter
            {Conclusion} <./figs/zerocost_intel.pdf> <./figs/zerobus_core.pdf

pdfTeX warning: pdflatex (file ./figs/zerobus_core.pdf): PDF inclusion: multipl
e pdfs with page group included in a single page
>]
Chapter 6.
) [11

] [12

]
No file thesis.bbl.
No file thesis.ind.

Package natbib Warning: There were undefined citations.

Package atveryend Info: Empty hook `BeforeClearDocument' on input line 128.
Package atveryend Info: Empty hook `AfterLastShipout' on input line 128.
(thesis.aux)
Package atveryend Info: Executing hook `AtVeryEndDocument' on input line 128.
Package atveryend Info: Executing hook `AtEndAfterFileList' on input line 128.
Package rerunfilecheck Info: File `thesis.out' has not changed.
(rerunfilecheck)             Checksum: 030B15E1D8B9C7D2400C08CFD21B4ADB;1266.


LaTeX Font Warning: Some font shapes were not available, defaults substituted.

Package atveryend Info: Empty hook `AtVeryVeryEnd' on input line 128.
 ) 
Here is how much of TeX's memory you used:
 21239 strings out of 492946
 394141 string characters out of 3135453
 467807 words of memory out of 3000000
 24565 multiletter control sequences out of 15000+200000
 53323 words of font info for 81 fonts, out of 3000000 for 9000
 1141 hyphenation exceptions out of 8191
 64i,11n,81p,434b,1550s stack positions out of 5000i,500n,10000p,200000b,50000s
{C:/Program Files/MiKTeX 2.9/fonts/enc/dvips/base/8r.enc} <C:\Users\hindesa\A
ppData\Local\MiKTeX\2.9\fonts/pk/ljfour/jknappen/ec/dpi600\ecrm1095.pk><C:/Prog
ram Files/MiKTeX 2.9/fonts/type1/public/amsfonts/cm/cmsy10.pfb><//fses52-003/Ap
plicationData$/hindesa/Application Data/MiKTeX/2.9/fonts/type1/public/fpl/fplbj
8a.pfb><//fses52-003/ApplicationData$/hindesa/Application Data/MiKTeX/2.9/fonts
/type1/bera/fvmb8a.pfb><//fses52-003/ApplicationData$/hindesa/Application Data/
MiKTeX/2.9/fonts/type1/bera/fvmr8a.pfb><C:/Program Files/MiKTeX 2.9/fonts/type1
/urw/palatino/uplb8a.pfb><C:/Program Files/MiKTeX 2.9/fonts/type1/urw/palatino/
uplr8a.pfb><C:/Program Files/MiKTeX 2.9/fonts/type1/urw/palatino/uplri8a.pfb>
Output written on thesis.pdf (28 pages, 181510 bytes).
PDF statistics:
 410 PDF objects out of 1000 (max. 8388607)
 73 named destinations out of 1000 (max. 500000)
 295 words of extra memory for PDF output out of 10000 (max. 10000000)

ne 128.
 ) 
Here is how much of TeX's memory you used:
 21204 strings out of 492946
 393587 string characters out of 3135453
 465002 words of memory out of 3000000
 24542 multiletter control sequences out of 15000+200000
 53323 words of font info for 81 fonts, out of 3000000 for 9000
 1141 hyphenation exceptions out of 8191
 64i,11n,81p,434b,1550s stack positions out of 5000i,500n,10000p,200000b,50000s
{C:/Program Files/MiKTeX 2.9/fonts/enc/dvips/base/8r.enc} <C:\Users\hindesa\A
ppData\Local\MiKTeX\2.9\fonts/pk/ljfour/jknappen/ec/dpi600\ecrm1095.pk><C:/Prog
ram Files/MiKTeX 2.9/fonts/type1/public/amsfonts/cm/cmsy10.pfb><//fses52-003/Ap
plicationData$/hindesa/Application Data/MiKTeX/2.9/fonts/type1/public/fpl/fplbj
8a.pfb><//fses52-003/ApplicationData$/hindesa/Application Data/MiKTeX/2.9/fonts
/type1/bera/fvmb8a.pfb><//fses52-003/ApplicationData$/hindesa/Application Data/
MiKTeX/2.9/fonts/type1/bera/fvmr8a.pfb><C:/Program Files/MiKTeX 2.9/fonts/type1
/urw/palatino/uplb8a.pfb><C:/Program Files/MiKTeX 2.9/fonts/type1/urw/palatino/
uplr8a.pfb><C:/Program Files/MiKTeX 2.9/fonts/type1/urw/palatino/uplri8a.pfb>
Output written on thesis.pdf (28 pages, 167217 bytes).
PDF statistics:
 306 PDF objects out of 1000 (max. 8388607)
 73 named destinations out of 1000 (max. 500000)
 119 words of extra memory for PDF output out of 10000 (max. 10000000)

